<?xml version="1.0" encoding="UTF-8"?>
<!-- Generated by org.testng.reporters.JUnitReportReporter -->
<testsuite hostname="DESKTOP-UOE2L75" failures="0" tests="1" name="cases.forward" time="0.362" errors="0" timestamp="2021-06-19T16:46:08 IST" skipped="0">
  <testcase classname="cases.forward" name="testB" time="0.362"/>
  <system-out/>
</testsuite> <!-- cases.forward -->
