<?xml version="1.0" encoding="UTF-8"?>
<!-- Generated by org.testng.reporters.JUnitReportReporter -->
<testsuite hostname="DESKTOP-UOE2L75" failures="0" tests="1" name="cases.testscripts" time="0.057" errors="0" timestamp="2021-06-19T16:47:14 IST" skipped="0">
  <testcase classname="cases.testscripts" name="verify_page" time="0.057"/>
  <system-out/>
</testsuite> <!-- cases.testscripts -->
